<?xml version="1.0" encoding="UTF-8"?>
<!-- Generated by org.testng.reporters.JUnitReportReporter -->
<testsuite hostname="DESKTOP-6I31IJP" failures="0" tests="2" name="AccessModifier.TestNG" time="0.010" errors="0" timestamp="08 Jan 2019 07:42:12 GMT" skipped="0">
  <testcase classname="AccessModifier.TestNG" name="aahod1" time="0.001"/>
  <testcase classname="AccessModifier.TestNG" name="athod2" time="0.009"/>
</testsuite> <!-- AccessModifier.TestNG -->
