<?xml version="1.0" encoding="UTF-8"?>
<!-- Generated by org.testng.reporters.JUnitReportReporter -->
<testsuite hostname="DESKTOP-6I31IJP" failures="0" tests="2" name="AccessModifier.TestNG" time="0.014" errors="0" timestamp="5 Feb 2019 12:29:44 GMT">
  <testcase classname="AccessModifier.TestNG" name="testCase2" time="0.007"/>
  <testcase classname="AccessModifier.TestNG" name="testCase1" time="0.007"/>
</testsuite> <!-- AccessModifier.TestNG -->
